0 info it worked if it ends with ok
1 verbose cli [ '/usr/local/bin/node',
1 verbose cli   '/usr/local/bin/npm',
1 verbose cli   'run',
1 verbose cli   'gulp',
1 verbose cli   'dev' ]
2 info using npm@3.7.2
3 info using node@v5.6.0
4 verbose run-script [ 'pregulp', 'gulp', 'postgulp' ]
5 info lifecycle fabium@0.0.3~pregulp: fabium@0.0.3
6 silly lifecycle fabium@0.0.3~pregulp: no script for pregulp, continuing
7 info lifecycle fabium@0.0.3~gulp: fabium@0.0.3
8 verbose lifecycle fabium@0.0.3~gulp: unsafe-perm in lifecycle true
9 verbose lifecycle fabium@0.0.3~gulp: PATH: /usr/local/lib/node_modules/npm/bin/node-gyp-bin:/Users/Krekotun/Work/krekotun/fabium/node_modules/.bin:/usr/local/bin:/usr/local/bin:/usr/bin:/bin:/usr/sbin:/sbin
10 verbose lifecycle fabium@0.0.3~gulp: CWD: /Users/Krekotun/Work/krekotun/fabium
11 silly lifecycle fabium@0.0.3~gulp: Args: [ '-c', 'gulp "dev"' ]
12 silly lifecycle fabium@0.0.3~gulp: Returned: code: 1  signal: null
13 info lifecycle fabium@0.0.3~gulp: Failed to exec gulp script
14 verbose stack Error: fabium@0.0.3 gulp: `gulp "dev"`
14 verbose stack Exit status 1
14 verbose stack     at EventEmitter.<anonymous> (/usr/local/lib/node_modules/npm/lib/utils/lifecycle.js:239:16)
14 verbose stack     at emitTwo (events.js:100:13)
14 verbose stack     at EventEmitter.emit (events.js:185:7)
14 verbose stack     at ChildProcess.<anonymous> (/usr/local/lib/node_modules/npm/lib/utils/spawn.js:24:14)
14 verbose stack     at emitTwo (events.js:100:13)
14 verbose stack     at ChildProcess.emit (events.js:185:7)
14 verbose stack     at maybeClose (internal/child_process.js:827:16)
14 verbose stack     at Process.ChildProcess._handle.onexit (internal/child_process.js:211:5)
15 verbose pkgid fabium@0.0.3
16 verbose cwd /Users/Krekotun/Work/krekotun/fabium
17 error Darwin 15.3.0
18 error argv "/usr/local/bin/node" "/usr/local/bin/npm" "run" "gulp" "dev"
19 error node v5.6.0
20 error npm  v3.7.2
21 error code ELIFECYCLE
22 error fabium@0.0.3 gulp: `gulp "dev"`
22 error Exit status 1
23 error Failed at the fabium@0.0.3 gulp script 'gulp "dev"'.
23 error Make sure you have the latest version of node.js and npm installed.
23 error If you do, this is most likely a problem with the fabium package,
23 error not with npm itself.
23 error Tell the author that this fails on your system:
23 error     gulp "dev"
23 error You can get information on how to open an issue for this project with:
23 error     npm bugs fabium
23 error Or if that isn't available, you can get their info via:
23 error     npm owner ls fabium
23 error There is likely additional logging output above.
24 verbose exit [ 1, true ]
